$ nix --version
$ nix-build --dry-run ci.nix -A x86_64-linux --show-trace
these 5 derivations will be built:
  /nix/store/6zdglvq4q39b283ls6k1j3sxvswf5cfr-source.drv
  /nix/store/ijkkic46p21366y082qnrlqc7sml7pnw-dist.tar.gz.drv
  /nix/store/sgxx5z09szyqmjnlipnakaffhhlap30h-alist-3.34.0-go-modules.drv
  /nix/store/4ax2pzfka4jmgk8jw7l5cdikaa67pa7l-alist-3.34.0.drv
  /nix/store/7f8vj9l1aggj2xsfqb1aijrj7ffayhcs-cyrus-imapd-3.8.2.drv
these 234 paths will be fetched (255.32 MiB download, 1156.15 MiB unpacked):
  /nix/store/7k7y4kjmgfmf9fnjfh5rw0nhyakm67k2-CUnit-2.1-3
  /nix/store/m3g5nm0a1cxqypjxsy02lqlivrcnhaaf-attr-2.5.2-bin
  /nix/store/srmzd01br39m4w52v9zb66v4ghlxsxfg-attr-2.5.2-dev
  /nix/store/61s8cmgwj8kslqkqs80a2whwysqd354k-audit-3.1.2
  /nix/store/8d9srch8dz3hqri0fcrgygqwbchvkjid-autoconf-2.72
  /nix/store/pyxnk1kf90mmzirm04wbx3byn5j082kb-automake-1.16.5
  /nix/store/vxzi09wirlwbh9s61b6h5kz7m6lnwvqg-autoreconf-hook
  /nix/store/cqq0nl2waw2jxm3vidj52rjy3qc7rvjj-avahi-0.8
  /nix/store/ddnli8jf61g96xlmfgfnav5cf041pq95-bash-interactive-5.2p26
  /nix/store/q1shv4kqhs44pws41j84aba11m16yyw1-bc-1.07.1
  /nix/store/nd7ass1isid4vswpkfm82za4mcdwhzsm-binutils-2.41
  /nix/store/7chcrb7ra9w7xyyzfrhw0vnv2chb6324-binutils-2.41-lib
  /nix/store/2vkh4388dshscjx942dqvgsl24hnkkq9-binutils-wrapper-2.41
  /nix/store/3jg7ac2bxarmsqq3hf4vx1qiy9zhr4qx-bison-3.8.2
  /nix/store/hl3f3fbdkzjy2fv4zvirzrbm2nycxjld-boost-1.81.0
  /nix/store/3mqr4669zsp80nmm8iw17kjpdwzlygvc-brotli-1.1.0
  /nix/store/jhkpr5iyyx35c1sg52vdgjpvky03xi1n-brotli-1.1.0-dev
  /nix/store/9g3hgzyxzn17x8yy6sh642gmdbjjjj3l-brotli-1.1.0-lib
  /nix/store/iqc8n1knrn5xq2kqs3j3i6rkh8m5zbbh-c-ares-1.27.0
  /nix/store/hpjirfjbrqqmjy5c66dvwb1gw9gqbsib-cups-2.4.7
  /nix/store/65hk814mk3pkhq80dijkrc97kdjp4igg-cups-2.4.7-lib
  /nix/store/fsczgdjaxlll9y6pya5rknzqzppsvkjl-curl-8.7.1
  /nix/store/qv1qp23si0prgzcx6b8522f0g7fipaph-curl-8.7.1
  /nix/store/paml86ssp80396bsbbi3wh7s0jlhrda0-curl-8.7.1-bin
  /nix/store/im3ngh7n2r5ppbv0f8ndf9dvqgfav3xi-curl-8.7.1-dev
  /nix/store/7x1y7nm4nz6l9i6j3ssh61m6id4s411y-curl-8.7.1-man
  /nix/store/5lr1mnnxb2smys3zih560gdc86diyqvj-cyrus-sasl-2.1.28
  /nix/store/2c7pra1hj85qv9sk7rkxx0sbs41b854z-cyrus-sasl-2.1.28-bin
  /nix/store/p130jvympz6q1002f7s39n06i7q44mv4-cyrus-sasl-2.1.28-dev
  /nix/store/whkfih9b9z6hxygc132yfl4rdp7s25dc-db-4.8.30
  /nix/store/39l6bj0scad5whwhlqdaqkxlrfr4nm5r-db-5.3.28
  /nix/store/asgpvq2q0fl49w1c65fggpzqkkiw0ch3-dbus-1.14.10-lib
  /nix/store/av0i03kx6yd0kd0mnpqdbk22n7r1lr2z-dejavu-fonts-minimal-2.37
  /nix/store/pr3w3rhhi773cs6j1xix2a6wplqq14jb-die-hook
  /nix/store/1wfza83aqrd26yr2wbdkknsqw7y176bk-dns-root-data-2023-11-27
  /nix/store/fk2dqykgli2rqxwlzc5vjn829acdzhzm-elfutils-0.191
  /nix/store/7yysb8igbmgvshkyy90ipdgnb7mg6zw1-expand-response-params
  /nix/store/fnpnm49r786myrw4451waqrp471rz831-expat-2.6.2
  /nix/store/2nmai12gljdd33k99xdzils9samzhd9v-fig2dev-3.2.9
  /nix/store/7r52af5d82m7gcg9d8r4qmlszcwbzanq-file-5.45
  /nix/store/01akq68n640ch6xw7ldds597zyd3c1dx-file-5.45-dev
  /nix/store/3p1yvsmqgn060biraiypp5qdspbli3vq-find-xml-catalogs-hook
  /nix/store/7q1brag3hi71hhvyc3nngdhcrv68q294-flex-2.6.4
  /nix/store/v8r3wqb4dq2byn7idaf15zrm0wimnap8-fontconfig-2.15.0
  /nix/store/0h70hgf12hzxpp3in5r2yq0lpwzp0a7a-fontconfig-2.15.0-lib
  /nix/store/mv4im7rcb60aigifz45p3zdagca53dpr-freetype-2.13.2
  /nix/store/0291b6wgg0kk83zn84lhfaf5g8jqg33c-fuse-2.9.9
  /nix/store/9hgsinpfgyvsd92v0wlvmxv9wnaal68r-gcc-13.2.0
  /nix/store/8mjb3ziimfi3rki71q4s0916xkm4cm5p-gcc-wrapper-13.2.0
  /nix/store/q3kql61swsfp3rsdhmwmfyxfw2x4jmyc-gdb-14.2
  /nix/store/zjc0s24pv5rcd3npwcijm6pxhi021j8h-gdbm-1.23
  /nix/store/as2pg1bk7cxq4a0rfk8n7rwak9r2wvqq-getent-glibc-2.39-31
  /nix/store/15lzdmjwrvkml0xxms4a0q91mpianf8g-gettext-0.21.1
  /nix/store/l8l68ygmkikamn7fbfb4c7r7hbfgkkxb-ghostscript-fonts
  /nix/store/36g3xwy4rm4ppp59zl67z7akmb0f5v6a-ghostscript-with-X-10.02.1
  /nix/store/dgaiqi0gfwkh6wr2x6fdqzlhj2ii54lh-git-2.44.0
  /nix/store/nj2pfwq8cx5sz6cnv3sddp7w84ri9bq2-git-2.44.0-doc
  /nix/store/3xsbahrqqc4fc3gknmjj9j9687n4hiz0-glib-2.80.0
  /nix/store/bgx25zqp369qarwcw53sqp2mxhgnkbq7-glib-2.80.0-bin
  /nix/store/zgnn357b7q3513bzmh17k6rcfp0c8vfz-glib-2.80.0-dev
  /nix/store/nkdgysx90pln2l562l7lsk021hbxjdg8-glibc-2.39-31-bin
  /nix/store/s3pvsv4as7mc8i2nwnk2hnsyi2qdj4bq-glibc-2.39-31-dev
  /nix/store/q66l12afk5bly0aprvdxjkjrsz2dbma8-glibc-2.39-31-getent
  /nix/store/gdn1vpdf6xx9hf45i9bv1ny6ia29fb1q-glibc-iconv-2.39
  /nix/store/mwpwq9zxxjqdfgigqvqk0zv3q8yrw8r5-gmp-6.3.0
  /nix/store/82rfcrmzk1j9g771b6j686npvy8rfyhp-gmp-with-cxx-6.3.0
  /nix/store/nc1k96zrv3di14jj4p4x71d3lxm5r74b-gnum4-1.4.19
  /nix/store/pw8asivc7x1fx1hg6xc9456mpxn8pimq-gnutls-3.8.4
  /nix/store/3h6h9258rjb1idx44aql8m7r43f5pvzl-go-1.22.2
  /nix/store/20a0qpw4xw1f7lvvs71yigc0ngmnicib-iana-etc-20240318
  /nix/store/nk788bsz0rqm6i0r0c3lgcivv1i74zx5-icu4c-73.2
  /nix/store/ksdmc3w0jqp3wpsvmayrll3lpbivpsqd-icu4c-73.2-dev
  /nix/store/2hrsm0q7jjcwqr9vhzph5g2zz9crrkf3-ijs-10.02.1
  /nix/store/i9zf5xl74g1ripwfzl45wsj74b9fyyv2-isl-0.20
  /nix/store/6hjmwpmd0q9r2zb809y1z2fn8wy3nfh2-jansson-2.14
  /nix/store/f9zgska7sh7xmvc27zz9cfxp4fsp3lii-jbig2dec-0.20
  /nix/store/riacgg091nv1cm2lcbgc1bmsakim5hb1-kbd-2.6.4
  /nix/store/gs471pmlahj0mjdwwqdx0d7v68816cdj-kexec-tools-2.0.28
  /nix/store/3mri6pgjkvci7yc1msb90kxqxdg9qb4h-keyutils-1.6.3-lib
  /nix/store/jj6bcp8cy4s8pi5svaq2gnkpl9bd5fw2-kmod-31
  /nix/store/d792d9hp5x3g8s1w1jibvydjcw547863-kmod-31-lib
  /nix/store/m3abs596fq6i3a8hwiyfcgs9jzllv4rn-lcms2-2.16
  /nix/store/99nva6lv6vkkc2m4n85rsrfxn111w4iz-lerc-4.0.0
  /nix/store/4q90g1kxh2aajxkvvhhf9bmfqsc95whd-libICE-1.1.1
  /nix/store/cyq70lf7dvi3r5jj46m8hrli0dm932f6-libSM-1.2.4
  /nix/store/lj440816z554v8d5l6ih1p2cnzlyihww-libX11-1.8.9
  /nix/store/qdzsf0qr6686s4m76g6v602kbj96q7bn-libXau-1.0.11
  /nix/store/qklman82zn30jc5dikx98rncsqq5p2mb-libXdmcp-1.1.5
  /nix/store/4a27gp9n2l14p5wa7w3dwzihyz5dlydb-libXext-1.3.6
  /nix/store/9llpz6n39l3732gvgixlc7zzlvhlalq9-libXt-1.3.0
  /nix/store/si81szrjym2wksdxf8m6yqz8y383idlx-libbsd-0.11.8
  /nix/store/8b1w6vngii6jk3g2dw5x35aya153nc55-libbsd-0.11.8-dev
  /nix/store/wwm416fmf9w513r9sgj0vc0kg2d9dk23-libcap-2.69
  /nix/store/5yxnqgpvx5hwipzc5bzbc3fbv5jhvi6n-libcap-2.69-dev
  /nix/store/01xhvvrfkpfghp6r9iywahl9vd1ypgm0-libcap-2.69-lib
  /nix/store/6qkzv8h8qbwb8zp79fscgq27il1zjrqg-libcap-ng-0.8.5
  /nix/store/cr0hyahhb0kw4ci3lp61kw8qpagbckb6-libchardet-1.0.6
  /nix/store/i7c6sc87l56rjqcwl4f7v1ksji3dvfdm-libdaemon-0.14
  /nix/store/c34jbj0qc7as4m7h3ixzwsd6z0swqqsw-libdeflate-1.20
  /nix/store/1p7l4lbz9ji4xv4c5yam1nzjjndkhj61-libev-4.33
  /nix/store/bxkwk74hyfaqz1lr326r3qr5091dj45a-libevent-2.1.12
  /nix/store/ym7yrwqvzcb3i3js4x322nyd4c5k944l-libffi-3.4.6
  /nix/store/r6czfbxpp9yl7vhwai3xslh0py5i9k19-libffi-3.4.6-dev
  /nix/store/59l1d1xwb7vzzfsv3vklcn5qgksl0a70-libical-3.0.18
  /nix/store/gv6b23rjkp2gvmxbrvfz3l9w19fgk81y-libical-3.0.18-dev
  /nix/store/zr6kdn65glwpaac2b6xr544n92v6s083-libipt-2.1.1
  /nix/store/7jjynbxiaggd3i7fvx2lc93pcn1kxgz5-libjpeg-turbo-3.0.2
  /nix/store/5gckmydg2v3dlgcz81l98d62zlbvzr67-libkrb5-1.21.2
  /nix/store/65l610n7ykikasadh5svfkp1ag8gjh50-libkrb5-1.21.2
  /nix/store/vdg5vv86525g4bnp3n98h2jgd27ds3fk-libkrb5-1.21.2-dev
  /nix/store/m5lri8cxiknksbzsw5d1i4bgk8ydqfcq-libmd-1.1.0
  /nix/store/307k767vw31xjvyzdadl27wqds4cpd45-libmpc-1.3.1
  /nix/store/lr2i68c1py6iyyni78xjiszvmniszz1r-libpaper-1.1.29
  /nix/store/xp0vr047y63v91yw6yimjkq3f0rxxc74-libpng-apng-1.6.43
  /nix/store/w2kvnj69k4r2f1rq8ahn1i530z6dspgz-libpsl-0.21.5
  /nix/store/bfb1ayjwa1xy6mhm8rgrrcic7lnwh5zr-libseccomp-2.5.5-lib
  /nix/store/0d8bkkkyxnffxmvczwm4c2rylyibxpqg-libselinux-3.6
  /nix/store/fhc059xfzbp5wx6g5rxv26si2d9324v0-libsrs2-1.0.18
  /nix/store/2rb6j77c13h7s1lfa5h58hncf8i012v8-libssh2-1.11.0
  /nix/store/7qpqgvadz00yv8snbdz2dbin4mxwhc7n-libssh2-1.11.0
  /nix/store/vjp48bj5vkqlqcxz1xk0wk452ysl7f2x-libssh2-1.11.0-dev
  /nix/store/rhhi7ky5kmabz3gw7gf6lrj4yii4k7c5-libtasn1-4.19.0
  /nix/store/hkl5vr7bmwvl4n5zvjy4ac1f2w5qp48w-libtiff-4.6.0
  /nix/store/7vk3x56xlfhya69rhscvr6g019b98msg-libtool-2.4.7
  /nix/store/xxvj9h3x0kh62w9w96l10k58xz6z7ad0-libtool-2.4.7-lib
  /nix/store/xs6fbsf7vx4pbkm9cxwdr8b7azm7ns45-libusb-1.0.27
  /nix/store/0qypm1by15j6mq7zfszcwqzwry63a45k-libxcb-1.17.0
  /nix/store/fjxs9vk02ldpz0xyd3yh5pnzvhq9gmby-libxcrypt-4.4.36
  /nix/store/hzc5ypaxp663vnf0fzn5kg41w1x61485-libxml2-2.12.6
  /nix/store/mlzv84gznsn8hmy349qhcknmkhv59k7n-libxml2-2.12.6-bin
  /nix/store/c832k49n2rz6sq57iyp7bs57f08rsf3c-libxml2-2.12.6-dev
  /nix/store/dpmf4xvdgd6k8vq4l0vc5aiq1smj3qs9-linux-headers-6.7
  /nix/store/5a0xhcjclygjx14y4nl06sa57in6jx2z-linux-pam-1.6.1
  /nix/store/9ncj23fg425ml84b18d18ziqwmsgjcs5-lz4-1.9.4
  /nix/store/zm68r67a05xl4mmvv8vn774zsx3si7ym-mailcap-2.1.53
  /nix/store/2i2gzvdap41w6l1ds0z46ygdxpa6xdcj-make-shell-wrapper-hook
  /nix/store/rn0ayws0ns87zrj0yfcnq4mpw414xdw6-mirrors-list
  /nix/store/2wd5la8l69yrmpskzsa67gkxi7q6pgpb-mpdecimal-4.0.0
  /nix/store/cpsl8rvkbgs2z1vnvk232azhvw0j06n9-mpfr-4.2.1
  /nix/store/l0s63fidcsm8yhi8f4jz336ms7ds0pr8-mpfr-4.2.1
  /nix/store/bansz88nyaibv57nv65s445f979cbdsh-ncurses-6.4
  /nix/store/a2vhcn41bwq9fglz2fz9vjl89q5m5q79-nettle-3.9.1
  /nix/store/k09izy9masn5l0nag0l9qpqv11acpm6m-nghttp2-1.61.0
  /nix/store/qzlb69rrhifw182sf8iqlacpldj5fz3g-nghttp2-1.61.0
  /nix/store/cm90rkjq87z3d5fbbwwwix30sggcbr46-nghttp2-1.61.0-dev
  /nix/store/i3lvxxqq0anb07mvxlcxp93ikdvs2n5m-nghttp2-1.61.0-dev
  /nix/store/75qgwai6kvhxf3hglq7jsq627745lg6f-nghttp2-1.61.0-lib
  /nix/store/mdy1mz2vyiv09syppck82janhzjjmr4r-nghttp2-1.61.0-lib
  /nix/store/y33c98w41jnpyq5kqq7q5akz62594q02-nss-cacert-3.98
  /nix/store/kvvihi4z4923x5nnra6wl1qp8ihkg0xn-openjpeg-2.5.2
  /nix/store/18aly31g886ddfx2hkg9hhj68085iair-openssl-3.0.13
  /nix/store/fzzaq7i0dsc01vkahkz2x7jrf7b4wfrp-openssl-3.0.13
  /nix/store/054lcfzbgh10590l7107nhv6znphnr29-openssl-3.0.13-bin
  /nix/store/0b45kdh1m9mm594jr22h0znsa09jfkag-openssl-3.0.13-bin
  /nix/store/5m7d3z1xcwy0gagkginzqvhcrxifzwqf-openssl-3.0.13-dev
  /nix/store/x5k6mnkwg610sjab9sn5rs92mk4h5ybd-openssl-3.0.13-dev
  /nix/store/bvdpi00bwnhsga3jmw7h8gg5awhs5h75-p11-kit-0.25.3
  /nix/store/37j5g4dryjphxfzb6pryhb0hrfwcwvj1-pcre2-10.43-bin
  /nix/store/3l39yw0vcgvscl2fwgdm9qhyqwvpg20n-pcre2-10.43-dev
  /nix/store/vli0fha043ypj7m1ir4alnbxixdhkg1k-perl-5.38.2
  /nix/store/2p91fp5r07k818px0bcsbvbnj2mdlbjl-perl5.38.2-Authen-SASL-2.1700
  /nix/store/wg046pmxrsw1q0jp69y5gpk5cl5wl410-perl5.38.2-CGI-4.59
  /nix/store/iacwpvssl06crxfz6pypv2gflq9jmjpg-perl5.38.2-CGI-Fast-2.16
  /nix/store/pbks3py8xvqx8h6mh37338n9hjrlh9m6-perl5.38.2-Clone-0.46
  /nix/store/j6435yxc3c0s7w9gqghjx9zn4m9xxn82-perl5.38.2-Digest-HMAC-1.04
  /nix/store/2wgsmnh4mgd12b5zhq8ql6w9npmx780w-perl5.38.2-Encode-Locale-1.05
  /nix/store/jw86fbnml6yln1bcwzp2krpll5cwc28y-perl5.38.2-FCGI-0.82
  /nix/store/74b1x5jpph7sn5j9lpwkh86gf8f1195b-perl5.38.2-FCGI-ProcManager-0.28
  /nix/store/y16va5rnssf90rfwds20kz9nlnrw7d01-perl5.38.2-File-Listing-6.16
  /nix/store/1w8gr3happvga963zyssd8h1d3wrsjjr-perl5.38.2-HTML-Parser-3.81
  /nix/store/ilfxzl91yw14sn4b10pbscqwf5x4iv6l-perl5.38.2-HTML-TagCloud-0.38
  /nix/store/7w1f044mpyi9fanh013zsxq6jqh1ca5a-perl5.38.2-HTML-Tagset-3.20
  /nix/store/jay1lpham8mxiraji116q89yfr04aq39-perl5.38.2-HTTP-CookieJar-0.014
  /nix/store/hyd6gl1nmggg6j70ykl47y633pzigiy9-perl5.38.2-HTTP-Cookies-6.10
  /nix/store/2xxxrpw20hah40jxqxl1lyiyvwsqlay3-perl5.38.2-HTTP-Daemon-6.16
  /nix/store/rpv1agzfpq3adcxnqbnh0a2jci71kcsn-perl5.38.2-HTTP-Date-6.06
  /nix/store/xvl98xi84j53sw26h7dvy6nglq31nhzm-perl5.38.2-HTTP-Message-6.45
  /nix/store/hrcvwjg8n0bhah9hikjsd8izvcgk1fy4-perl5.38.2-HTTP-Negotiate-6.01
  /nix/store/3djgqc2hqxblylirkj3bkal5xqsq2lw5-perl5.38.2-IO-HTML-1.004
  /nix/store/cnf7k7m44qyhm6cbqwxri9rgqxd4nbkj-perl5.38.2-IO-Socket-SSL-2.083
  /nix/store/wqki53jlagz9icws8sd4h32kclhzk4g8-perl5.38.2-LWP-MediaTypes-6.04
  /nix/store/vzrzwbkpq60ca5xrd0ba54445f3bh67j-perl5.38.2-Mozilla-CA-20230821
  /nix/store/ms2qys19mrv83c78cdj081fvv0qj0bh4-perl5.38.2-Net-HTTP-6.23
  /nix/store/faywxd33q9j3xlgz1sfbaibzxnjzfiyv-perl5.38.2-Net-SMTP-SSL-1.04
  /nix/store/j6jhr1ipf6d2h67jl5y27sr60xfd7w11-perl5.38.2-Net-SSLeay-1.92
  /nix/store/s8s6cvnqyj41yram15z74d304zramj3h-perl5.38.2-TermReadKey-2.38
  /nix/store/fjr88ld95i4aivm59izaxa8hj4aps0mb-perl5.38.2-Test-Fatal-0.017
  /nix/store/rzlmsww8ja6imc2kgm67jzsxxy3l07n5-perl5.38.2-Test-Needs-0.002010
  /nix/store/h5rsi0mh1vhx26y0kqc7dvwwbzmsa7ns-perl5.38.2-Test-RequiresInternet-0.05
  /nix/store/s3ybkf1apa5rm3xkgvdl0lnmas274ppn-perl5.38.2-TimeDate-2.33
  /nix/store/ykaci19s6phsslpd62x84xmzm40w68qq-perl5.38.2-Try-Tiny-0.31
  /nix/store/qazpaighhik71gm2l3ass7i8raqww02l-perl5.38.2-URI-5.21
  /nix/store/64lbzplhilgdkpya0xzdgkcgqrnxscmh-perl5.38.2-WWW-RobotRules-6.02
  /nix/store/gva9z2nhhqbqj75xr27yqhz836bpjjv5-perl5.38.2-libnet-3.15
  /nix/store/psri1pvjiggmvgqpgf6mawnw77mbyfl1-perl5.38.2-libwww-perl-6.72
  /nix/store/kjw04q0xcgkz85c2538p0bb8fygdkxi7-pkg-config-0.29.2
  /nix/store/vbk2n3094zyl9ywijks6a3d7s2i6wnfm-pkg-config-wrapper-0.29.2
  /nix/store/v60001b1k0y05z6b1p33p6p4n76pax8p-popt-1.19
  /nix/store/78sr2vzp80nbvygvawm4zffmnq0vhw8k-publicsuffix-list-0-unstable-2024-01-07
  /nix/store/lpi16513bai8kg2bd841745vzk72475x-python3-3.11.9
  /nix/store/jfcx53y3i83xwhkr97j6yfm0c9h6s372-python3.11-packaging-24.0
  /nix/store/9gwriddks3qrf5vp6xfgb98rxv06qy1n-readline-8.2p10
  /nix/store/s6x8wlkxwwyp5shck81f44jvdlp5bh5j-rsync-3.3.0
  /nix/store/5hdn3g9rc3xy9y945agxhv87dpzkn15n-setup-debug-info-dirs-hook
  /nix/store/ni2x5a5x9j72l3s4wc7vs1r27b5hqzxi-shadow-4.14.6
  /nix/store/9cvypililwdc01zx975bh3bkgf7kxqdl-shadow-4.14.6-su
  /nix/store/p72hy95mah1yd1slcspavadhh216pvr7-shapelib-1.6.0
  /nix/store/3wldy242ac88rb3ay647hcv6sbx4rk32-source
  /nix/store/xs751b6v3gqsfj7igskcwrclgssl0c1m-source-highlight-3.1.9
  /nix/store/i0npczxkj074b9r8rg4vvlgrrik5wz7z-sqlite-3.45.2
  /nix/store/3ywh4nc6vp7hf1qz853i4x8qn6cdpfi0-sqlite-3.45.2-bin
  /nix/store/nvjb2yf82p06ny7a3al4h6im4b7czc70-sqlite-3.45.2-dev
  /nix/store/558iw5j1bk7z6wrg8cp96q2rx03jqj1v-stdenv-linux
  /nix/store/ppf4k669sbm1kyggr7pbi34ycb62j6gp-systemd-minimal-255.4
  /nix/store/lsp7hk1ppjv403q8h191p929wycbk0r3-systemd-minimal-libs-255.4
  /nix/store/1a4y0rc03bckd5mh4kz11wdlcp31zzdi-tcb-1.2
  /nix/store/jg8vvfj0956s6xmdmg2hwvn6jlipyz64-unbound-1.19.3-lib
  /nix/store/5i3hs2wj6g1d95x8yj6vnk075ms0sf18-util-linux-minimal-2.39.3
  /nix/store/vi7ipdpq28yf878411smy750prp04bv0-util-linux-minimal-2.39.3-bin
  /nix/store/bc49mnc0skw975l90qrswhz8dsdm9lx6-util-linux-minimal-2.39.3-dev
  /nix/store/ys012ym65rapli9pk6x7356pyc96mm4b-util-linux-minimal-2.39.3-lib
  /nix/store/2pik1pw6w0dagkgfcmlga03997m3fwg3-util-linux-minimal-2.39.3-login
  /nix/store/mqfwb4ply3xdasvh5zy154mhvpcqxk44-util-linux-minimal-2.39.3-mount
  /nix/store/854dsca032cfnna42mlq33gf5p0hggb5-util-linux-minimal-2.39.3-swap
  /nix/store/ifgp2f0rx572grpv4fk3v8rzmwzrcvvf-valgrind-3.22.0
  /nix/store/xb1shnzh5awdzy7sdjqkzcn3y3l413la-valgrind-3.22.0-dev
  /nix/store/bvm714hiala1la4x4hpr1syxrwpjmvgd-vim-9.1.0200-xxd
  /nix/store/f1l9dlizpvrj1z3hb0gmx8shixchw3s7-wslay-1.1.1
  /nix/store/llnrisjcbclmnvpyx8vl9rxgwfk9x9jg-xapian-1.4.25
  /nix/store/vx7gfk69yh102sy3sf2lmk073rjyxn4i-xxHash-0.8.2
  /nix/store/zhi1wy5pn6647faa56qnd9zz371578bj-xxd-vim-9.1.0200
  /nix/store/wz1lmhhmvjxj2ipp2z5mvkydchhljggm-zlib-1.3.1-dev
  /nix/store/bmq12snmn3dr98my7krdi9fp3qbahdph-zstd-1.5.6
  /nix/store/0j3yimfjqwv4wh4v3xdqrdsb4sp90yw9-zstd-1.5.6-bin

$ nix build /nix/store/ijkkic46p21366y082qnrlqc7sml7pnw-dist.tar.gz.drv^* /nix/store/sgxx5z09szyqmjnlipnakaffhhlap30h-alist-3.34.0-go-modules.drv^* /nix/store/4ax2pzfka4jmgk8jw7l5cdikaa67pa7l-alist-3.34.0.drv^* /nix/store/7f8vj9l1aggj2xsfqb1aijrj7ffayhcs-cyrus-imapd-3.8.2.drv^* /nix/store/6zdglvq4q39b283ls6k1j3sxvswf5cfr-source.drv^*
these 5 derivations will be built:
  /nix/store/6zdglvq4q39b283ls6k1j3sxvswf5cfr-source.drv
  /nix/store/ijkkic46p21366y082qnrlqc7sml7pnw-dist.tar.gz.drv
  /nix/store/sgxx5z09szyqmjnlipnakaffhhlap30h-alist-3.34.0-go-modules.drv
  /nix/store/4ax2pzfka4jmgk8jw7l5cdikaa67pa7l-alist-3.34.0.drv
  /nix/store/7f8vj9l1aggj2xsfqb1aijrj7ffayhcs-cyrus-imapd-3.8.2.drv
these 234 paths will be fetched (255.32 MiB download, 1156.15 MiB unpacked):
  /nix/store/7k7y4kjmgfmf9fnjfh5rw0nhyakm67k2-CUnit-2.1-3
  /nix/store/m3g5nm0a1cxqypjxsy02lqlivrcnhaaf-attr-2.5.2-bin
  /nix/store/srmzd01br39m4w52v9zb66v4ghlxsxfg-attr-2.5.2-dev
  /nix/store/61s8cmgwj8kslqkqs80a2whwysqd354k-audit-3.1.2
  /nix/store/8d9srch8dz3hqri0fcrgygqwbchvkjid-autoconf-2.72
  /nix/store/pyxnk1kf90mmzirm04wbx3byn5j082kb-automake-1.16.5
  /nix/store/vxzi09wirlwbh9s61b6h5kz7m6lnwvqg-autoreconf-hook
  /nix/store/cqq0nl2waw2jxm3vidj52rjy3qc7rvjj-avahi-0.8
  /nix/store/ddnli8jf61g96xlmfgfnav5cf041pq95-bash-interactive-5.2p26
  /nix/store/q1shv4kqhs44pws41j84aba11m16yyw1-bc-1.07.1
  /nix/store/nd7ass1isid4vswpkfm82za4mcdwhzsm-binutils-2.41
  /nix/store/7chcrb7ra9w7xyyzfrhw0vnv2chb6324-binutils-2.41-lib
  /nix/store/2vkh4388dshscjx942dqvgsl24hnkkq9-binutils-wrapper-2.41
  /nix/store/3jg7ac2bxarmsqq3hf4vx1qiy9zhr4qx-bison-3.8.2
  /nix/store/hl3f3fbdkzjy2fv4zvirzrbm2nycxjld-boost-1.81.0
  /nix/store/3mqr4669zsp80nmm8iw17kjpdwzlygvc-brotli-1.1.0
  /nix/store/jhkpr5iyyx35c1sg52vdgjpvky03xi1n-brotli-1.1.0-dev
  /nix/store/9g3hgzyxzn17x8yy6sh642gmdbjjjj3l-brotli-1.1.0-lib
  /nix/store/iqc8n1knrn5xq2kqs3j3i6rkh8m5zbbh-c-ares-1.27.0
  /nix/store/hpjirfjbrqqmjy5c66dvwb1gw9gqbsib-cups-2.4.7
  /nix/store/65hk814mk3pkhq80dijkrc97kdjp4igg-cups-2.4.7-lib
  /nix/store/fsczgdjaxlll9y6pya5rknzqzppsvkjl-curl-8.7.1
  /nix/store/qv1qp23si0prgzcx6b8522f0g7fipaph-curl-8.7.1
  /nix/store/paml86ssp80396bsbbi3wh7s0jlhrda0-curl-8.7.1-bin
  /nix/store/im3ngh7n2r5ppbv0f8ndf9dvqgfav3xi-curl-8.7.1-dev
  /nix/store/7x1y7nm4nz6l9i6j3ssh61m6id4s411y-curl-8.7.1-man
  /nix/store/5lr1mnnxb2smys3zih560gdc86diyqvj-cyrus-sasl-2.1.28
  /nix/store/2c7pra1hj85qv9sk7rkxx0sbs41b854z-cyrus-sasl-2.1.28-bin
  /nix/store/p130jvympz6q1002f7s39n06i7q44mv4-cyrus-sasl-2.1.28-dev
  /nix/store/whkfih9b9z6hxygc132yfl4rdp7s25dc-db-4.8.30
  /nix/store/39l6bj0scad5whwhlqdaqkxlrfr4nm5r-db-5.3.28
  /nix/store/asgpvq2q0fl49w1c65fggpzqkkiw0ch3-dbus-1.14.10-lib
  /nix/store/av0i03kx6yd0kd0mnpqdbk22n7r1lr2z-dejavu-fonts-minimal-2.37
  /nix/store/pr3w3rhhi773cs6j1xix2a6wplqq14jb-die-hook
  /nix/store/1wfza83aqrd26yr2wbdkknsqw7y176bk-dns-root-data-2023-11-27
  /nix/store/fk2dqykgli2rqxwlzc5vjn829acdzhzm-elfutils-0.191
  /nix/store/7yysb8igbmgvshkyy90ipdgnb7mg6zw1-expand-response-params
  /nix/store/fnpnm49r786myrw4451waqrp471rz831-expat-2.6.2
  /nix/store/2nmai12gljdd33k99xdzils9samzhd9v-fig2dev-3.2.9
  /nix/store/7r52af5d82m7gcg9d8r4qmlszcwbzanq-file-5.45
  /nix/store/01akq68n640ch6xw7ldds597zyd3c1dx-file-5.45-dev
  /nix/store/3p1yvsmqgn060biraiypp5qdspbli3vq-find-xml-catalogs-hook
  /nix/store/7q1brag3hi71hhvyc3nngdhcrv68q294-flex-2.6.4
  /nix/store/v8r3wqb4dq2byn7idaf15zrm0wimnap8-fontconfig-2.15.0
  /nix/store/0h70hgf12hzxpp3in5r2yq0lpwzp0a7a-fontconfig-2.15.0-lib
  /nix/store/mv4im7rcb60aigifz45p3zdagca53dpr-freetype-2.13.2
  /nix/store/0291b6wgg0kk83zn84lhfaf5g8jqg33c-fuse-2.9.9
  /nix/store/9hgsinpfgyvsd92v0wlvmxv9wnaal68r-gcc-13.2.0
  /nix/store/8mjb3ziimfi3rki71q4s0916xkm4cm5p-gcc-wrapper-13.2.0
  /nix/store/q3kql61swsfp3rsdhmwmfyxfw2x4jmyc-gdb-14.2
  /nix/store/zjc0s24pv5rcd3npwcijm6pxhi021j8h-gdbm-1.23
  /nix/store/as2pg1bk7cxq4a0rfk8n7rwak9r2wvqq-getent-glibc-2.39-31
  /nix/store/15lzdmjwrvkml0xxms4a0q91mpianf8g-gettext-0.21.1
  /nix/store/l8l68ygmkikamn7fbfb4c7r7hbfgkkxb-ghostscript-fonts
  /nix/store/36g3xwy4rm4ppp59zl67z7akmb0f5v6a-ghostscript-with-X-10.02.1
  /nix/store/dgaiqi0gfwkh6wr2x6fdqzlhj2ii54lh-git-2.44.0
  /nix/store/nj2pfwq8cx5sz6cnv3sddp7w84ri9bq2-git-2.44.0-doc
  /nix/store/3xsbahrqqc4fc3gknmjj9j9687n4hiz0-glib-2.80.0
  /nix/store/bgx25zqp369qarwcw53sqp2mxhgnkbq7-glib-2.80.0-bin
  /nix/store/zgnn357b7q3513bzmh17k6rcfp0c8vfz-glib-2.80.0-dev
  /nix/store/nkdgysx90pln2l562l7lsk021hbxjdg8-glibc-2.39-31-bin
  /nix/store/s3pvsv4as7mc8i2nwnk2hnsyi2qdj4bq-glibc-2.39-31-dev
  /nix/store/q66l12afk5bly0aprvdxjkjrsz2dbma8-glibc-2.39-31-getent
  /nix/store/gdn1vpdf6xx9hf45i9bv1ny6ia29fb1q-glibc-iconv-2.39
  /nix/store/mwpwq9zxxjqdfgigqvqk0zv3q8yrw8r5-gmp-6.3.0
  /nix/store/82rfcrmzk1j9g771b6j686npvy8rfyhp-gmp-with-cxx-6.3.0
  /nix/store/nc1k96zrv3di14jj4p4x71d3lxm5r74b-gnum4-1.4.19
  /nix/store/pw8asivc7x1fx1hg6xc9456mpxn8pimq-gnutls-3.8.4
  /nix/store/3h6h9258rjb1idx44aql8m7r43f5pvzl-go-1.22.2
  /nix/store/20a0qpw4xw1f7lvvs71yigc0ngmnicib-iana-etc-20240318
  /nix/store/nk788bsz0rqm6i0r0c3lgcivv1i74zx5-icu4c-73.2
  /nix/store/ksdmc3w0jqp3wpsvmayrll3lpbivpsqd-icu4c-73.2-dev
  /nix/store/2hrsm0q7jjcwqr9vhzph5g2zz9crrkf3-ijs-10.02.1
  /nix/store/i9zf5xl74g1ripwfzl45wsj74b9fyyv2-isl-0.20
  /nix/store/6hjmwpmd0q9r2zb809y1z2fn8wy3nfh2-jansson-2.14
  /nix/store/f9zgska7sh7xmvc27zz9cfxp4fsp3lii-jbig2dec-0.20
  /nix/store/riacgg091nv1cm2lcbgc1bmsakim5hb1-kbd-2.6.4
  /nix/store/gs471pmlahj0mjdwwqdx0d7v68816cdj-kexec-tools-2.0.28
  /nix/store/3mri6pgjkvci7yc1msb90kxqxdg9qb4h-keyutils-1.6.3-lib
  /nix/store/jj6bcp8cy4s8pi5svaq2gnkpl9bd5fw2-kmod-31
  /nix/store/d792d9hp5x3g8s1w1jibvydjcw547863-kmod-31-lib
  /nix/store/m3abs596fq6i3a8hwiyfcgs9jzllv4rn-lcms2-2.16
  /nix/store/99nva6lv6vkkc2m4n85rsrfxn111w4iz-lerc-4.0.0
  /nix/store/4q90g1kxh2aajxkvvhhf9bmfqsc95whd-libICE-1.1.1
  /nix/store/cyq70lf7dvi3r5jj46m8hrli0dm932f6-libSM-1.2.4
  /nix/store/lj440816z554v8d5l6ih1p2cnzlyihww-libX11-1.8.9
  /nix/store/qdzsf0qr6686s4m76g6v602kbj96q7bn-libXau-1.0.11
  /nix/store/qklman82zn30jc5dikx98rncsqq5p2mb-libXdmcp-1.1.5
  /nix/store/4a27gp9n2l14p5wa7w3dwzihyz5dlydb-libXext-1.3.6
  /nix/store/9llpz6n39l3732gvgixlc7zzlvhlalq9-libXt-1.3.0
  /nix/store/si81szrjym2wksdxf8m6yqz8y383idlx-libbsd-0.11.8
  /nix/store/8b1w6vngii6jk3g2dw5x35aya153nc55-libbsd-0.11.8-dev
  /nix/store/wwm416fmf9w513r9sgj0vc0kg2d9dk23-libcap-2.69
  /nix/store/5yxnqgpvx5hwipzc5bzbc3fbv5jhvi6n-libcap-2.69-dev
  /nix/store/01xhvvrfkpfghp6r9iywahl9vd1ypgm0-libcap-2.69-lib
  /nix/store/6qkzv8h8qbwb8zp79fscgq27il1zjrqg-libcap-ng-0.8.5
  /nix/store/cr0hyahhb0kw4ci3lp61kw8qpagbckb6-libchardet-1.0.6
  /nix/store/i7c6sc87l56rjqcwl4f7v1ksji3dvfdm-libdaemon-0.14
  /nix/store/c34jbj0qc7as4m7h3ixzwsd6z0swqqsw-libdeflate-1.20
  /nix/store/1p7l4lbz9ji4xv4c5yam1nzjjndkhj61-libev-4.33
  /nix/store/bxkwk74hyfaqz1lr326r3qr5091dj45a-libevent-2.1.12
  /nix/store/ym7yrwqvzcb3i3js4x322nyd4c5k944l-libffi-3.4.6
  /nix/store/r6czfbxpp9yl7vhwai3xslh0py5i9k19-libffi-3.4.6-dev
  /nix/store/59l1d1xwb7vzzfsv3vklcn5qgksl0a70-libical-3.0.18
  /nix/store/gv6b23rjkp2gvmxbrvfz3l9w19fgk81y-libical-3.0.18-dev
  /nix/store/zr6kdn65glwpaac2b6xr544n92v6s083-libipt-2.1.1
  /nix/store/7jjynbxiaggd3i7fvx2lc93pcn1kxgz5-libjpeg-turbo-3.0.2
  /nix/store/5gckmydg2v3dlgcz81l98d62zlbvzr67-libkrb5-1.21.2
  /nix/store/65l610n7ykikasadh5svfkp1ag8gjh50-libkrb5-1.21.2
  /nix/store/vdg5vv86525g4bnp3n98h2jgd27ds3fk-libkrb5-1.21.2-dev
  /nix/store/m5lri8cxiknksbzsw5d1i4bgk8ydqfcq-libmd-1.1.0
  /nix/store/307k767vw31xjvyzdadl27wqds4cpd45-libmpc-1.3.1
  /nix/store/lr2i68c1py6iyyni78xjiszvmniszz1r-libpaper-1.1.29
  /nix/store/xp0vr047y63v91yw6yimjkq3f0rxxc74-libpng-apng-1.6.43
  /nix/store/w2kvnj69k4r2f1rq8ahn1i530z6dspgz-libpsl-0.21.5
  /nix/store/bfb1ayjwa1xy6mhm8rgrrcic7lnwh5zr-libseccomp-2.5.5-lib
  /nix/store/0d8bkkkyxnffxmvczwm4c2rylyibxpqg-libselinux-3.6
  /nix/store/fhc059xfzbp5wx6g5rxv26si2d9324v0-libsrs2-1.0.18
  /nix/store/2rb6j77c13h7s1lfa5h58hncf8i012v8-libssh2-1.11.0
  /nix/store/7qpqgvadz00yv8snbdz2dbin4mxwhc7n-libssh2-1.11.0
  /nix/store/vjp48bj5vkqlqcxz1xk0wk452ysl7f2x-libssh2-1.11.0-dev
  /nix/store/rhhi7ky5kmabz3gw7gf6lrj4yii4k7c5-libtasn1-4.19.0
  /nix/store/hkl5vr7bmwvl4n5zvjy4ac1f2w5qp48w-libtiff-4.6.0
  /nix/store/7vk3x56xlfhya69rhscvr6g019b98msg-libtool-2.4.7
  /nix/store/xxvj9h3x0kh62w9w96l10k58xz6z7ad0-libtool-2.4.7-lib
  /nix/store/xs6fbsf7vx4pbkm9cxwdr8b7azm7ns45-libusb-1.0.27
  /nix/store/0qypm1by15j6mq7zfszcwqzwry63a45k-libxcb-1.17.0
  /nix/store/fjxs9vk02ldpz0xyd3yh5pnzvhq9gmby-libxcrypt-4.4.36
  /nix/store/hzc5ypaxp663vnf0fzn5kg41w1x61485-libxml2-2.12.6
  /nix/store/mlzv84gznsn8hmy349qhcknmkhv59k7n-libxml2-2.12.6-bin
  /nix/store/c832k49n2rz6sq57iyp7bs57f08rsf3c-libxml2-2.12.6-dev
  /nix/store/dpmf4xvdgd6k8vq4l0vc5aiq1smj3qs9-linux-headers-6.7
  /nix/store/5a0xhcjclygjx14y4nl06sa57in6jx2z-linux-pam-1.6.1
  /nix/store/9ncj23fg425ml84b18d18ziqwmsgjcs5-lz4-1.9.4
  /nix/store/zm68r67a05xl4mmvv8vn774zsx3si7ym-mailcap-2.1.53
  /nix/store/2i2gzvdap41w6l1ds0z46ygdxpa6xdcj-make-shell-wrapper-hook
  /nix/store/rn0ayws0ns87zrj0yfcnq4mpw414xdw6-mirrors-list
  /nix/store/2wd5la8l69yrmpskzsa67gkxi7q6pgpb-mpdecimal-4.0.0
  /nix/store/cpsl8rvkbgs2z1vnvk232azhvw0j06n9-mpfr-4.2.1
  /nix/store/l0s63fidcsm8yhi8f4jz336ms7ds0pr8-mpfr-4.2.1
  /nix/store/bansz88nyaibv57nv65s445f979cbdsh-ncurses-6.4
  /nix/store/a2vhcn41bwq9fglz2fz9vjl89q5m5q79-nettle-3.9.1
  /nix/store/k09izy9masn5l0nag0l9qpqv11acpm6m-nghttp2-1.61.0
  /nix/store/qzlb69rrhifw182sf8iqlacpldj5fz3g-nghttp2-1.61.0
  /nix/store/cm90rkjq87z3d5fbbwwwix30sggcbr46-nghttp2-1.61.0-dev
  /nix/store/i3lvxxqq0anb07mvxlcxp93ikdvs2n5m-nghttp2-1.61.0-dev
  /nix/store/75qgwai6kvhxf3hglq7jsq627745lg6f-nghttp2-1.61.0-lib
  /nix/store/mdy1mz2vyiv09syppck82janhzjjmr4r-nghttp2-1.61.0-lib
  /nix/store/y33c98w41jnpyq5kqq7q5akz62594q02-nss-cacert-3.98
  /nix/store/kvvihi4z4923x5nnra6wl1qp8ihkg0xn-openjpeg-2.5.2
  /nix/store/18aly31g886ddfx2hkg9hhj68085iair-openssl-3.0.13
  /nix/store/fzzaq7i0dsc01vkahkz2x7jrf7b4wfrp-openssl-3.0.13
  /nix/store/054lcfzbgh10590l7107nhv6znphnr29-openssl-3.0.13-bin
  /nix/store/0b45kdh1m9mm594jr22h0znsa09jfkag-openssl-3.0.13-bin
  /nix/store/5m7d3z1xcwy0gagkginzqvhcrxifzwqf-openssl-3.0.13-dev
  /nix/store/x5k6mnkwg610sjab9sn5rs92mk4h5ybd-openssl-3.0.13-dev
  /nix/store/bvdpi00bwnhsga3jmw7h8gg5awhs5h75-p11-kit-0.25.3
  /nix/store/37j5g4dryjphxfzb6pryhb0hrfwcwvj1-pcre2-10.43-bin
  /nix/store/3l39yw0vcgvscl2fwgdm9qhyqwvpg20n-pcre2-10.43-dev
  /nix/store/vli0fha043ypj7m1ir4alnbxixdhkg1k-perl-5.38.2
  /nix/store/2p91fp5r07k818px0bcsbvbnj2mdlbjl-perl5.38.2-Authen-SASL-2.1700
  /nix/store/wg046pmxrsw1q0jp69y5gpk5cl5wl410-perl5.38.2-CGI-4.59
  /nix/store/iacwpvssl06crxfz6pypv2gflq9jmjpg-perl5.38.2-CGI-Fast-2.16
  /nix/store/pbks3py8xvqx8h6mh37338n9hjrlh9m6-perl5.38.2-Clone-0.46
  /nix/store/j6435yxc3c0s7w9gqghjx9zn4m9xxn82-perl5.38.2-Digest-HMAC-1.04
  /nix/store/2wgsmnh4mgd12b5zhq8ql6w9npmx780w-perl5.38.2-Encode-Locale-1.05
  /nix/store/jw86fbnml6yln1bcwzp2krpll5cwc28y-perl5.38.2-FCGI-0.82
  /nix/store/74b1x5jpph7sn5j9lpwkh86gf8f1195b-perl5.38.2-FCGI-ProcManager-0.28
  /nix/store/y16va5rnssf90rfwds20kz9nlnrw7d01-perl5.38.2-File-Listing-6.16
  /nix/store/1w8gr3happvga963zyssd8h1d3wrsjjr-perl5.38.2-HTML-Parser-3.81
  /nix/store/ilfxzl91yw14sn4b10pbscqwf5x4iv6l-perl5.38.2-HTML-TagCloud-0.38
  /nix/store/7w1f044mpyi9fanh013zsxq6jqh1ca5a-perl5.38.2-HTML-Tagset-3.20
  /nix/store/jay1lpham8mxiraji116q89yfr04aq39-perl5.38.2-HTTP-CookieJar-0.014
  /nix/store/hyd6gl1nmggg6j70ykl47y633pzigiy9-perl5.38.2-HTTP-Cookies-6.10
  /nix/store/2xxxrpw20hah40jxqxl1lyiyvwsqlay3-perl5.38.2-HTTP-Daemon-6.16
  /nix/store/rpv1agzfpq3adcxnqbnh0a2jci71kcsn-perl5.38.2-HTTP-Date-6.06
  /nix/store/xvl98xi84j53sw26h7dvy6nglq31nhzm-perl5.38.2-HTTP-Message-6.45
  /nix/store/hrcvwjg8n0bhah9hikjsd8izvcgk1fy4-perl5.38.2-HTTP-Negotiate-6.01
  /nix/store/3djgqc2hqxblylirkj3bkal5xqsq2lw5-perl5.38.2-IO-HTML-1.004
  /nix/store/cnf7k7m44qyhm6cbqwxri9rgqxd4nbkj-perl5.38.2-IO-Socket-SSL-2.083
  /nix/store/wqki53jlagz9icws8sd4h32kclhzk4g8-perl5.38.2-LWP-MediaTypes-6.04
  /nix/store/vzrzwbkpq60ca5xrd0ba54445f3bh67j-perl5.38.2-Mozilla-CA-20230821
  /nix/store/ms2qys19mrv83c78cdj081fvv0qj0bh4-perl5.38.2-Net-HTTP-6.23
  /nix/store/faywxd33q9j3xlgz1sfbaibzxnjzfiyv-perl5.38.2-Net-SMTP-SSL-1.04
  /nix/store/j6jhr1ipf6d2h67jl5y27sr60xfd7w11-perl5.38.2-Net-SSLeay-1.92
  /nix/store/s8s6cvnqyj41yram15z74d304zramj3h-perl5.38.2-TermReadKey-2.38
  /nix/store/fjr88ld95i4aivm59izaxa8hj4aps0mb-perl5.38.2-Test-Fatal-0.017
  /nix/store/rzlmsww8ja6imc2kgm67jzsxxy3l07n5-perl5.38.2-Test-Needs-0.002010
  /nix/store/h5rsi0mh1vhx26y0kqc7dvwwbzmsa7ns-perl5.38.2-Test-RequiresInternet-0.05
  /nix/store/s3ybkf1apa5rm3xkgvdl0lnmas274ppn-perl5.38.2-TimeDate-2.33
  /nix/store/ykaci19s6phsslpd62x84xmzm40w68qq-perl5.38.2-Try-Tiny-0.31
  /nix/store/qazpaighhik71gm2l3ass7i8raqww02l-perl5.38.2-URI-5.21
  /nix/store/64lbzplhilgdkpya0xzdgkcgqrnxscmh-perl5.38.2-WWW-RobotRules-6.02
  /nix/store/gva9z2nhhqbqj75xr27yqhz836bpjjv5-perl5.38.2-libnet-3.15
  /nix/store/psri1pvjiggmvgqpgf6mawnw77mbyfl1-perl5.38.2-libwww-perl-6.72
  /nix/store/kjw04q0xcgkz85c2538p0bb8fygdkxi7-pkg-config-0.29.2
  /nix/store/vbk2n3094zyl9ywijks6a3d7s2i6wnfm-pkg-config-wrapper-0.29.2
  /nix/store/v60001b1k0y05z6b1p33p6p4n76pax8p-popt-1.19
  /nix/store/78sr2vzp80nbvygvawm4zffmnq0vhw8k-publicsuffix-list-0-unstable-2024-01-07
  /nix/store/lpi16513bai8kg2bd841745vzk72475x-python3-3.11.9
  /nix/store/jfcx53y3i83xwhkr97j6yfm0c9h6s372-python3.11-packaging-24.0
  /nix/store/9gwriddks3qrf5vp6xfgb98rxv06qy1n-readline-8.2p10
  /nix/store/s6x8wlkxwwyp5shck81f44jvdlp5bh5j-rsync-3.3.0
  /nix/store/5hdn3g9rc3xy9y945agxhv87dpzkn15n-setup-debug-info-dirs-hook
  /nix/store/ni2x5a5x9j72l3s4wc7vs1r27b5hqzxi-shadow-4.14.6
  /nix/store/9cvypililwdc01zx975bh3bkgf7kxqdl-shadow-4.14.6-su
  /nix/store/p72hy95mah1yd1slcspavadhh216pvr7-shapelib-1.6.0
  /nix/store/3wldy242ac88rb3ay647hcv6sbx4rk32-source
  /nix/store/xs751b6v3gqsfj7igskcwrclgssl0c1m-source-highlight-3.1.9
  /nix/store/i0npczxkj074b9r8rg4vvlgrrik5wz7z-sqlite-3.45.2
  /nix/store/3ywh4nc6vp7hf1qz853i4x8qn6cdpfi0-sqlite-3.45.2-bin
  /nix/store/nvjb2yf82p06ny7a3al4h6im4b7czc70-sqlite-3.45.2-dev
  /nix/store/558iw5j1bk7z6wrg8cp96q2rx03jqj1v-stdenv-linux
  /nix/store/ppf4k669sbm1kyggr7pbi34ycb62j6gp-systemd-minimal-255.4
  /nix/store/lsp7hk1ppjv403q8h191p929wycbk0r3-systemd-minimal-libs-255.4
  /nix/store/1a4y0rc03bckd5mh4kz11wdlcp31zzdi-tcb-1.2
  /nix/store/jg8vvfj0956s6xmdmg2hwvn6jlipyz64-unbound-1.19.3-lib
  /nix/store/5i3hs2wj6g1d95x8yj6vnk075ms0sf18-util-linux-minimal-2.39.3
  /nix/store/vi7ipdpq28yf878411smy750prp04bv0-util-linux-minimal-2.39.3-bin
  /nix/store/bc49mnc0skw975l90qrswhz8dsdm9lx6-util-linux-minimal-2.39.3-dev
  /nix/store/ys012ym65rapli9pk6x7356pyc96mm4b-util-linux-minimal-2.39.3-lib
  /nix/store/2pik1pw6w0dagkgfcmlga03997m3fwg3-util-linux-minimal-2.39.3-login
  /nix/store/mqfwb4ply3xdasvh5zy154mhvpcqxk44-util-linux-minimal-2.39.3-mount
  /nix/store/854dsca032cfnna42mlq33gf5p0hggb5-util-linux-minimal-2.39.3-swap
  /nix/store/ifgp2f0rx572grpv4fk3v8rzmwzrcvvf-valgrind-3.22.0
  /nix/store/xb1shnzh5awdzy7sdjqkzcn3y3l413la-valgrind-3.22.0-dev
  /nix/store/bvm714hiala1la4x4hpr1syxrwpjmvgd-vim-9.1.0200-xxd
  /nix/store/f1l9dlizpvrj1z3hb0gmx8shixchw3s7-wslay-1.1.1
  /nix/store/llnrisjcbclmnvpyx8vl9rxgwfk9x9jg-xapian-1.4.25
  /nix/store/vx7gfk69yh102sy3sf2lmk073rjyxn4i-xxHash-0.8.2
  /nix/store/zhi1wy5pn6647faa56qnd9zz371578bj-xxd-vim-9.1.0200
  /nix/store/wz1lmhhmvjxj2ipp2z5mvkydchhljggm-zlib-1.3.1-dev
  /nix/store/bmq12snmn3dr98my7krdi9fp3qbahdph-zstd-1.5.6
  /nix/store/0j3yimfjqwv4wh4v3xdqrdsb4sp90yw9-zstd-1.5.6-bin
copying path '/nix/store/rn0ayws0ns87zrj0yfcnq4mpw414xdw6-mirrors-list' from 'https://cache.nixos.org'...
copying path '/nix/store/y33c98w41jnpyq5kqq7q5akz62594q02-nss-cacert-3.98' from 'https://cache.nixos.org'...
copying path '/nix/store/3wldy242ac88rb3ay647hcv6sbx4rk32-source' from 'https://moraxyc.cachix.org'...
copying path '/nix/store/7x1y7nm4nz6l9i6j3ssh61m6id4s411y-curl-8.7.1-man' from 'https://cache.nixos.org'...
copying path '/nix/store/pr3w3rhhi773cs6j1xix2a6wplqq14jb-die-hook' from 'https://cache.nixos.org'...
copying path '/nix/store/3p1yvsmqgn060biraiypp5qdspbli3vq-find-xml-catalogs-hook' from 'https://cache.nixos.org'...
copying path '/nix/store/nj2pfwq8cx5sz6cnv3sddp7w84ri9bq2-git-2.44.0-doc' from 'https://cache.nixos.org'...
copying path '/nix/store/20a0qpw4xw1f7lvvs71yigc0ngmnicib-iana-etc-20240318' from 'https://cache.nixos.org'...
copying path '/nix/store/zm68r67a05xl4mmvv8vn774zsx3si7ym-mailcap-2.1.53' from 'https://cache.nixos.org'...
copying path '/nix/store/j6435yxc3c0s7w9gqghjx9zn4m9xxn82-perl5.38.2-Digest-HMAC-1.04' from 'https://cache.nixos.org'...
copying path '/nix/store/ilfxzl91yw14sn4b10pbscqwf5x4iv6l-perl5.38.2-HTML-TagCloud-0.38' from 'https://cache.nixos.org'...
copying path '/nix/store/74b1x5jpph7sn5j9lpwkh86gf8f1195b-perl5.38.2-FCGI-ProcManager-0.28' from 'https://cache.nixos.org'...
copying path '/nix/store/qazpaighhik71gm2l3ass7i8raqww02l-perl5.38.2-URI-5.21' from 'https://cache.nixos.org'...
copying path '/nix/store/gva9z2nhhqbqj75xr27yqhz836bpjjv5-perl5.38.2-libnet-3.15' from 'https://cache.nixos.org'...
copying path '/nix/store/5i3hs2wj6g1d95x8yj6vnk075ms0sf18-util-linux-minimal-2.39.3' from 'https://cache.nixos.org'...
copying path '/nix/store/7k7y4kjmgfmf9fnjfh5rw0nhyakm67k2-CUnit-2.1-3' from 'https://cache.nixos.org'...
copying path '/nix/store/m3g5nm0a1cxqypjxsy02lqlivrcnhaaf-attr-2.5.2-bin' from 'https://cache.nixos.org'...
copying path '/nix/store/61s8cmgwj8kslqkqs80a2whwysqd354k-audit-3.1.2' from 'https://cache.nixos.org'...
copying path '/nix/store/7chcrb7ra9w7xyyzfrhw0vnv2chb6324-binutils-2.41-lib' from 'https://cache.nixos.org'...
copying path '/nix/store/9g3hgzyxzn17x8yy6sh642gmdbjjjj3l-brotli-1.1.0-lib' from 'https://cache.nixos.org'...
copying path '/nix/store/iqc8n1knrn5xq2kqs3j3i6rkh8m5zbbh-c-ares-1.27.0' from 'https://cache.nixos.org'...
copying path '/nix/store/av0i03kx6yd0kd0mnpqdbk22n7r1lr2z-dejavu-fonts-minimal-2.37' from 'https://cache.nixos.org'...
copying path '/nix/store/7yysb8igbmgvshkyy90ipdgnb7mg6zw1-expand-response-params' from 'https://cache.nixos.org'...
copying path '/nix/store/1wfza83aqrd26yr2wbdkknsqw7y176bk-dns-root-data-2023-11-27' from 'https://cache.nixos.org'...
copying path '/nix/store/whkfih9b9z6hxygc132yfl4rdp7s25dc-db-4.8.30' from 'https://cache.nixos.org'...
copying path '/nix/store/39l6bj0scad5whwhlqdaqkxlrfr4nm5r-db-5.3.28' from 'https://cache.nixos.org'...
copying path '/nix/store/7r52af5d82m7gcg9d8r4qmlszcwbzanq-file-5.45' from 'https://cache.nixos.org'...
copying path '/nix/store/fnpnm49r786myrw4451waqrp471rz831-expat-2.6.2' from 'https://cache.nixos.org'...
copying path '/nix/store/zjc0s24pv5rcd3npwcijm6pxhi021j8h-gdbm-1.23' from 'https://cache.nixos.org'...
copying path '/nix/store/15lzdmjwrvkml0xxms4a0q91mpianf8g-gettext-0.21.1' from 'https://cache.nixos.org'...
copying path '/nix/store/l8l68ygmkikamn7fbfb4c7r7hbfgkkxb-ghostscript-fonts' from 'https://cache.nixos.org'...
copying path '/nix/store/srmzd01br39m4w52v9zb66v4ghlxsxfg-attr-2.5.2-dev' from 'https://cache.nixos.org'...
copying path '/nix/store/nkdgysx90pln2l562l7lsk021hbxjdg8-glibc-2.39-31-bin' from 'https://cache.nixos.org'...
copying path '/nix/store/3mqr4669zsp80nmm8iw17kjpdwzlygvc-brotli-1.1.0' from 'https://cache.nixos.org'...
copying path '/nix/store/mwpwq9zxxjqdfgigqvqk0zv3q8yrw8r5-gmp-6.3.0' from 'https://cache.nixos.org'...
copying path '/nix/store/q66l12afk5bly0aprvdxjkjrsz2dbma8-glibc-2.39-31-getent' from 'https://cache.nixos.org'...
copying path '/nix/store/nd7ass1isid4vswpkfm82za4mcdwhzsm-binutils-2.41' from 'https://cache.nixos.org'...
copying path '/nix/store/82rfcrmzk1j9g771b6j686npvy8rfyhp-gmp-with-cxx-6.3.0' from 'https://cache.nixos.org'...
copying path '/nix/store/nc1k96zrv3di14jj4p4x71d3lxm5r74b-gnum4-1.4.19' from 'https://cache.nixos.org'...
copying path '/nix/store/3h6h9258rjb1idx44aql8m7r43f5pvzl-go-1.22.2' from 'https://cache.nixos.org'...
copying path '/nix/store/2hrsm0q7jjcwqr9vhzph5g2zz9crrkf3-ijs-10.02.1' from 'https://cache.nixos.org'...
copying path '/nix/store/6hjmwpmd0q9r2zb809y1z2fn8wy3nfh2-jansson-2.14' from 'https://cache.nixos.org'...
copying path '/nix/store/nk788bsz0rqm6i0r0c3lgcivv1i74zx5-icu4c-73.2' from 'https://cache.nixos.org'...
copying path '/nix/store/v8r3wqb4dq2byn7idaf15zrm0wimnap8-fontconfig-2.15.0' from 'https://cache.nixos.org'...
copying path '/nix/store/01akq68n640ch6xw7ldds597zyd3c1dx-file-5.45-dev' from 'https://cache.nixos.org'...
copying path '/nix/store/f9zgska7sh7xmvc27zz9cfxp4fsp3lii-jbig2dec-0.20' from 'https://cache.nixos.org'...
copying path '/nix/store/jhkpr5iyyx35c1sg52vdgjpvky03xi1n-brotli-1.1.0-dev' from 'https://cache.nixos.org'...
copying path '/nix/store/as2pg1bk7cxq4a0rfk8n7rwak9r2wvqq-getent-glibc-2.39-31' from 'https://cache.nixos.org'...
copying path '/nix/store/i9zf5xl74g1ripwfzl45wsj74b9fyyv2-isl-0.20' from 'https://cache.nixos.org'...
copying path '/nix/store/gs471pmlahj0mjdwwqdx0d7v68816cdj-kexec-tools-2.0.28' from 'https://cache.nixos.org'...
copying path '/nix/store/3jg7ac2bxarmsqq3hf4vx1qiy9zhr4qx-bison-3.8.2' from 'https://cache.nixos.org'...
copying path '/nix/store/7q1brag3hi71hhvyc3nngdhcrv68q294-flex-2.6.4' from 'https://cache.nixos.org'...
copying path '/nix/store/3mri6pgjkvci7yc1msb90kxqxdg9qb4h-keyutils-1.6.3-lib' from 'https://cache.nixos.org'...
copying path '/nix/store/m3abs596fq6i3a8hwiyfcgs9jzllv4rn-lcms2-2.16' from 'https://cache.nixos.org'...
copying path '/nix/store/99nva6lv6vkkc2m4n85rsrfxn111w4iz-lerc-4.0.0' from 'https://cache.nixos.org'...
copying path '/nix/store/4q90g1kxh2aajxkvvhhf9bmfqsc95whd-libICE-1.1.1' from 'https://cache.nixos.org'...
copying path '/nix/store/qdzsf0qr6686s4m76g6v602kbj96q7bn-libXau-1.0.11' from 'https://cache.nixos.org'...
copying path '/nix/store/qklman82zn30jc5dikx98rncsqq5p2mb-libXdmcp-1.1.5' from 'https://cache.nixos.org'...
copying path '/nix/store/01xhvvrfkpfghp6r9iywahl9vd1ypgm0-libcap-2.69-lib' from 'https://cache.nixos.org'...
copying path '/nix/store/6qkzv8h8qbwb8zp79fscgq27il1zjrqg-libcap-ng-0.8.5' from 'https://cache.nixos.org'...
copying path '/nix/store/cr0hyahhb0kw4ci3lp61kw8qpagbckb6-libchardet-1.0.6' from 'https://cache.nixos.org'...
copying path '/nix/store/i7c6sc87l56rjqcwl4f7v1ksji3dvfdm-libdaemon-0.14' from 'https://cache.nixos.org'...
copying path '/nix/store/c34jbj0qc7as4m7h3ixzwsd6z0swqqsw-libdeflate-1.20' from 'https://cache.nixos.org'...
copying path '/nix/store/1p7l4lbz9ji4xv4c5yam1nzjjndkhj61-libev-4.33' from 'https://cache.nixos.org'...
copying path '/nix/store/bxkwk74hyfaqz1lr326r3qr5091dj45a-libevent-2.1.12' from 'https://cache.nixos.org'...
copying path '/nix/store/ym7yrwqvzcb3i3js4x322nyd4c5k944l-libffi-3.4.6' from 'https://cache.nixos.org'...
copying path '/nix/store/zr6kdn65glwpaac2b6xr544n92v6s083-libipt-2.1.1' from 'https://cache.nixos.org'...
copying path '/nix/store/7jjynbxiaggd3i7fvx2lc93pcn1kxgz5-libjpeg-turbo-3.0.2' from 'https://cache.nixos.org'...
copying path '/nix/store/5gckmydg2v3dlgcz81l98d62zlbvzr67-libkrb5-1.21.2' from 'https://cache.nixos.org'...
copying path '/nix/store/65l610n7ykikasadh5svfkp1ag8gjh50-libkrb5-1.21.2' from 'https://cache.nixos.org'...
copying path '/nix/store/m5lri8cxiknksbzsw5d1i4bgk8ydqfcq-libmd-1.1.0' from 'https://cache.nixos.org'...
copying path '/nix/store/lr2i68c1py6iyyni78xjiszvmniszz1r-libpaper-1.1.29' from 'https://cache.nixos.org'...
copying path '/nix/store/xp0vr047y63v91yw6yimjkq3f0rxxc74-libpng-apng-1.6.43' from 'https://cache.nixos.org'...
copying path '/nix/store/wwm416fmf9w513r9sgj0vc0kg2d9dk23-libcap-2.69' from 'https://cache.nixos.org'...
copying path '/nix/store/fhc059xfzbp5wx6g5rxv26si2d9324v0-libsrs2-1.0.18' from 'https://cache.nixos.org'...
copying path '/nix/store/rhhi7ky5kmabz3gw7gf6lrj4yii4k7c5-libtasn1-4.19.0' from 'https://cache.nixos.org'...
copying path '/nix/store/bfb1ayjwa1xy6mhm8rgrrcic7lnwh5zr-libseccomp-2.5.5-lib' from 'https://cache.nixos.org'...
copying path '/nix/store/0d8bkkkyxnffxmvczwm4c2rylyibxpqg-libselinux-3.6' from 'https://cache.nixos.org'...
copying path '/nix/store/r6czfbxpp9yl7vhwai3xslh0py5i9k19-libffi-3.4.6-dev' from 'https://cache.nixos.org'...
copying path '/nix/store/xxvj9h3x0kh62w9w96l10k58xz6z7ad0-libtool-2.4.7-lib' from 'https://cache.nixos.org'...
copying path '/nix/store/0qypm1by15j6mq7zfszcwqzwry63a45k-libxcb-1.17.0' from 'https://cache.nixos.org'...
copying path '/nix/store/hkl5vr7bmwvl4n5zvjy4ac1f2w5qp48w-libtiff-4.6.0' from 'https://cache.nixos.org'...
copying path '/nix/store/ksdmc3w0jqp3wpsvmayrll3lpbivpsqd-icu4c-73.2-dev' from 'https://cache.nixos.org'...
copying path '/nix/store/vdg5vv86525g4bnp3n98h2jgd27ds3fk-libkrb5-1.21.2-dev' from 'https://cache.nixos.org'...
copying path '/nix/store/fjxs9vk02ldpz0xyd3yh5pnzvhq9gmby-libxcrypt-4.4.36' from 'https://cache.nixos.org'...
copying path '/nix/store/hzc5ypaxp663vnf0fzn5kg41w1x61485-libxml2-2.12.6' from 'https://cache.nixos.org'...
copying path '/nix/store/si81szrjym2wksdxf8m6yqz8y383idlx-libbsd-0.11.8' from 'https://cache.nixos.org'...
copying path '/nix/store/dpmf4xvdgd6k8vq4l0vc5aiq1smj3qs9-linux-headers-6.7' from 'https://cache.nixos.org'...
copying path '/nix/store/9ncj23fg425ml84b18d18ziqwmsgjcs5-lz4-1.9.4' from 'https://cache.nixos.org'...
copying path '/nix/store/2i2gzvdap41w6l1ds0z46ygdxpa6xdcj-make-shell-wrapper-hook' from 'https://cache.nixos.org'...
copying path '/nix/store/2wd5la8l69yrmpskzsa67gkxi7q6pgpb-mpdecimal-4.0.0' from 'https://cache.nixos.org'...
copying path '/nix/store/cpsl8rvkbgs2z1vnvk232azhvw0j06n9-mpfr-4.2.1' from 'https://cache.nixos.org'...
copying path '/nix/store/5yxnqgpvx5hwipzc5bzbc3fbv5jhvi6n-libcap-2.69-dev' from 'https://cache.nixos.org'...
copying path '/nix/store/mv4im7rcb60aigifz45p3zdagca53dpr-freetype-2.13.2' from 'https://cache.nixos.org'...
copying path '/nix/store/l0s63fidcsm8yhi8f4jz336ms7ds0pr8-mpfr-4.2.1' from 'https://cache.nixos.org'...
copying path '/nix/store/bansz88nyaibv57nv65s445f979cbdsh-ncurses-6.4' from 'https://cache.nixos.org'...
copying path '/nix/store/lj440816z554v8d5l6ih1p2cnzlyihww-libX11-1.8.9' from 'https://cache.nixos.org'...
copying path '/nix/store/a2vhcn41bwq9fglz2fz9vjl89q5m5q79-nettle-3.9.1' from 'https://cache.nixos.org'...
copying path '/nix/store/qzlb69rrhifw182sf8iqlacpldj5fz3g-nghttp2-1.61.0' from 'https://cache.nixos.org'...
copying path '/nix/store/75qgwai6kvhxf3hglq7jsq627745lg6f-nghttp2-1.61.0-lib' from 'https://cache.nixos.org'...
copying path '/nix/store/8b1w6vngii6jk3g2dw5x35aya153nc55-libbsd-0.11.8-dev' from 'https://cache.nixos.org'...
copying path '/nix/store/5a0xhcjclygjx14y4nl06sa57in6jx2z-linux-pam-1.6.1' from 'https://cache.nixos.org'...
copying path '/nix/store/mdy1mz2vyiv09syppck82janhzjjmr4r-nghttp2-1.61.0-lib' from 'https://cache.nixos.org'...
copying path '/nix/store/mlzv84gznsn8hmy349qhcknmkhv59k7n-libxml2-2.12.6-bin' from 'https://cache.nixos.org'...
copying path '/nix/store/18aly31g886ddfx2hkg9hhj68085iair-openssl-3.0.13' from 'https://cache.nixos.org'...
copying path '/nix/store/kvvihi4z4923x5nnra6wl1qp8ihkg0xn-openjpeg-2.5.2' from 'https://cache.nixos.org'...
copying path '/nix/store/fzzaq7i0dsc01vkahkz2x7jrf7b4wfrp-openssl-3.0.13' from 'https://cache.nixos.org'...
copying path '/nix/store/307k767vw31xjvyzdadl27wqds4cpd45-libmpc-1.3.1' from 'https://cache.nixos.org'...
copying path '/nix/store/bvdpi00bwnhsga3jmw7h8gg5awhs5h75-p11-kit-0.25.3' from 'https://cache.nixos.org'...
copying path '/nix/store/0h70hgf12hzxpp3in5r2yq0lpwzp0a7a-fontconfig-2.15.0-lib' from 'https://cache.nixos.org'...
copying path '/nix/store/4a27gp9n2l14p5wa7w3dwzihyz5dlydb-libXext-1.3.6' from 'https://cache.nixos.org'...
copying path '/nix/store/s3pvsv4as7mc8i2nwnk2hnsyi2qdj4bq-glibc-2.39-31-dev' from 'https://cache.nixos.org'...
copying path '/nix/store/37j5g4dryjphxfzb6pryhb0hrfwcwvj1-pcre2-10.43-bin' from 'https://cache.nixos.org'...
copying path '/nix/store/vli0fha043ypj7m1ir4alnbxixdhkg1k-perl-5.38.2' from 'https://cache.nixos.org'...
copying path '/nix/store/2p91fp5r07k818px0bcsbvbnj2mdlbjl-perl5.38.2-Authen-SASL-2.1700' from 'https://cache.nixos.org'...
copying path '/nix/store/i3lvxxqq0anb07mvxlcxp93ikdvs2n5m-nghttp2-1.61.0-dev' from 'https://cache.nixos.org'...
copying path '/nix/store/pbks3py8xvqx8h6mh37338n9hjrlh9m6-perl5.38.2-Clone-0.46' from 'https://cache.nixos.org'...
copying path '/nix/store/2wgsmnh4mgd12b5zhq8ql6w9npmx780w-perl5.38.2-Encode-Locale-1.05' from 'https://cache.nixos.org'...
copying path '/nix/store/jw86fbnml6yln1bcwzp2krpll5cwc28y-perl5.38.2-FCGI-0.82' from 'https://cache.nixos.org'...
copying path '/nix/store/7w1f044mpyi9fanh013zsxq6jqh1ca5a-perl5.38.2-HTML-Tagset-3.20' from 'https://cache.nixos.org'...
copying path '/nix/store/wqki53jlagz9icws8sd4h32kclhzk4g8-perl5.38.2-LWP-MediaTypes-6.04' from 'https://cache.nixos.org'...
copying path '/nix/store/3djgqc2hqxblylirkj3bkal5xqsq2lw5-perl5.38.2-IO-HTML-1.004' from 'https://cache.nixos.org'...
copying path '/nix/store/vzrzwbkpq60ca5xrd0ba54445f3bh67j-perl5.38.2-Mozilla-CA-20230821' from 'https://cache.nixos.org'...
copying path '/nix/store/ms2qys19mrv83c78cdj081fvv0qj0bh4-perl5.38.2-Net-HTTP-6.23' from 'https://cache.nixos.org'...
copying path '/nix/store/2vkh4388dshscjx942dqvgsl24hnkkq9-binutils-wrapper-2.41' from 'https://cache.nixos.org'...
copying path '/nix/store/9hgsinpfgyvsd92v0wlvmxv9wnaal68r-gcc-13.2.0' from 'https://cache.nixos.org'...
copying path '/nix/store/gdn1vpdf6xx9hf45i9bv1ny6ia29fb1q-glibc-iconv-2.39' from 'https://cache.nixos.org'...
copying path '/nix/store/5lr1mnnxb2smys3zih560gdc86diyqvj-cyrus-sasl-2.1.28' from 'https://cache.nixos.org'...
copying path '/nix/store/2rb6j77c13h7s1lfa5h58hncf8i012v8-libssh2-1.11.0' from 'https://cache.nixos.org'...
copying path '/nix/store/7qpqgvadz00yv8snbdz2dbin4mxwhc7n-libssh2-1.11.0' from 'https://cache.nixos.org'...
copying path '/nix/store/k09izy9masn5l0nag0l9qpqv11acpm6m-nghttp2-1.61.0' from 'https://cache.nixos.org'...
copying path '/nix/store/054lcfzbgh10590l7107nhv6znphnr29-openssl-3.0.13-bin' from 'https://cache.nixos.org'...
copying path '/nix/store/0b45kdh1m9mm594jr22h0znsa09jfkag-openssl-3.0.13-bin' from 'https://cache.nixos.org'...
copying path '/nix/store/3l39yw0vcgvscl2fwgdm9qhyqwvpg20n-pcre2-10.43-dev' from 'https://cache.nixos.org'...
copying path '/nix/store/j6jhr1ipf6d2h67jl5y27sr60xfd7w11-perl5.38.2-Net-SSLeay-1.92' from 'https://cache.nixos.org'...
copying path '/nix/store/s8s6cvnqyj41yram15z74d304zramj3h-perl5.38.2-TermReadKey-2.38' from 'https://cache.nixos.org'...
copying path '/nix/store/h5rsi0mh1vhx26y0kqc7dvwwbzmsa7ns-perl5.38.2-Test-RequiresInternet-0.05' from 'https://cache.nixos.org'...
copying path '/nix/store/rzlmsww8ja6imc2kgm67jzsxxy3l07n5-perl5.38.2-Test-Needs-0.002010' from 'https://cache.nixos.org'...
copying path '/nix/store/s3ybkf1apa5rm3xkgvdl0lnmas274ppn-perl5.38.2-TimeDate-2.33' from 'https://cache.nixos.org'...
copying path '/nix/store/ykaci19s6phsslpd62x84xmzm40w68qq-perl5.38.2-Try-Tiny-0.31' from 'https://cache.nixos.org'...
copying path '/nix/store/64lbzplhilgdkpya0xzdgkcgqrnxscmh-perl5.38.2-WWW-RobotRules-6.02' from 'https://cache.nixos.org'...
copying path '/nix/store/fsczgdjaxlll9y6pya5rknzqzppsvkjl-curl-8.7.1' from 'https://cache.nixos.org'...
copying path '/nix/store/2c7pra1hj85qv9sk7rkxx0sbs41b854z-cyrus-sasl-2.1.28-bin' from 'https://cache.nixos.org'...
copying path '/nix/store/x5k6mnkwg610sjab9sn5rs92mk4h5ybd-openssl-3.0.13-dev' from 'https://cache.nixos.org'...
copying path '/nix/store/kjw04q0xcgkz85c2538p0bb8fygdkxi7-pkg-config-0.29.2' from 'https://cache.nixos.org'...
copying path '/nix/store/5m7d3z1xcwy0gagkginzqvhcrxifzwqf-openssl-3.0.13-dev' from 'https://cache.nixos.org'...
copying path '/nix/store/v60001b1k0y05z6b1p33p6p4n76pax8p-popt-1.19' from 'https://cache.nixos.org'...
copying path '/nix/store/9gwriddks3qrf5vp6xfgb98rxv06qy1n-readline-8.2p10' from 'https://cache.nixos.org'...
copying path '/nix/store/cm90rkjq87z3d5fbbwwwix30sggcbr46-nghttp2-1.61.0-dev' from 'https://cache.nixos.org'...
copying path '/nix/store/78sr2vzp80nbvygvawm4zffmnq0vhw8k-publicsuffix-list-0-unstable-2024-01-07' from 'https://cache.nixos.org'...
copying path '/nix/store/rpv1agzfpq3adcxnqbnh0a2jci71kcsn-perl5.38.2-HTTP-Date-6.06' from 'https://cache.nixos.org'...
copying path '/nix/store/5hdn3g9rc3xy9y945agxhv87dpzkn15n-setup-debug-info-dirs-hook' from 'https://cache.nixos.org'...
copying path '/nix/store/cnf7k7m44qyhm6cbqwxri9rgqxd4nbkj-perl5.38.2-IO-Socket-SSL-2.083' from 'https://cache.nixos.org'...
copying path '/nix/store/fjr88ld95i4aivm59izaxa8hj4aps0mb-perl5.38.2-Test-Fatal-0.017' from 'https://cache.nixos.org'...
copying path '/nix/store/p72hy95mah1yd1slcspavadhh216pvr7-shapelib-1.6.0' from 'https://cache.nixos.org'...
copying path '/nix/store/8d9srch8dz3hqri0fcrgygqwbchvkjid-autoconf-2.72' from 'https://cache.nixos.org'...
copying path '/nix/store/pyxnk1kf90mmzirm04wbx3byn5j082kb-automake-1.16.5' from 'https://cache.nixos.org'...
copying path '/nix/store/p130jvympz6q1002f7s39n06i7q44mv4-cyrus-sasl-2.1.28-dev' from 'https://cache.nixos.org'...
copying path '/nix/store/paml86ssp80396bsbbi3wh7s0jlhrda0-curl-8.7.1-bin' from 'https://cache.nixos.org'...
copying path '/nix/store/vjp48bj5vkqlqcxz1xk0wk452ysl7f2x-libssh2-1.11.0-dev' from 'https://cache.nixos.org'...
copying path '/nix/store/vbk2n3094zyl9ywijks6a3d7s2i6wnfm-pkg-config-wrapper-0.29.2' from 'https://cache.nixos.org'...
copying path '/nix/store/i0npczxkj074b9r8rg4vvlgrrik5wz7z-sqlite-3.45.2' from 'https://cache.nixos.org'...
copying path '/nix/store/y16va5rnssf90rfwds20kz9nlnrw7d01-perl5.38.2-File-Listing-6.16' from 'https://cache.nixos.org'...
copying path '/nix/store/jay1lpham8mxiraji116q89yfr04aq39-perl5.38.2-HTTP-CookieJar-0.014' from 'https://cache.nixos.org'...
copying path '/nix/store/w2kvnj69k4r2f1rq8ahn1i530z6dspgz-libpsl-0.21.5' from 'https://cache.nixos.org'...
copying path '/nix/store/ddnli8jf61g96xlmfgfnav5cf041pq95-bash-interactive-5.2p26' from 'https://cache.nixos.org'...
copying path '/nix/store/q1shv4kqhs44pws41j84aba11m16yyw1-bc-1.07.1' from 'https://cache.nixos.org'...
copying path '/nix/store/xvl98xi84j53sw26h7dvy6nglq31nhzm-perl5.38.2-HTTP-Message-6.45' from 'https://cache.nixos.org'...
copying path '/nix/store/faywxd33q9j3xlgz1sfbaibzxnjzfiyv-perl5.38.2-Net-SMTP-SSL-1.04' from 'https://cache.nixos.org'...
copying path '/nix/store/3ywh4nc6vp7hf1qz853i4x8qn6cdpfi0-sqlite-3.45.2-bin' from 'https://cache.nixos.org'...
copying path '/nix/store/lsp7hk1ppjv403q8h191p929wycbk0r3-systemd-minimal-libs-255.4' from 'https://cache.nixos.org'...
copying path '/nix/store/1a4y0rc03bckd5mh4kz11wdlcp31zzdi-tcb-1.2' from 'https://cache.nixos.org'...
copying path '/nix/store/jg8vvfj0956s6xmdmg2hwvn6jlipyz64-unbound-1.19.3-lib' from 'https://cache.nixos.org'...
copying path '/nix/store/ys012ym65rapli9pk6x7356pyc96mm4b-util-linux-minimal-2.39.3-lib' from 'https://cache.nixos.org'...
copying path '/nix/store/2pik1pw6w0dagkgfcmlga03997m3fwg3-util-linux-minimal-2.39.3-login' from 'https://cache.nixos.org'...
copying path '/nix/store/ifgp2f0rx572grpv4fk3v8rzmwzrcvvf-valgrind-3.22.0' from 'https://cache.nixos.org'...
copying path '/nix/store/bvm714hiala1la4x4hpr1syxrwpjmvgd-vim-9.1.0200-xxd' from 'https://cache.nixos.org'...
copying path '/nix/store/f1l9dlizpvrj1z3hb0gmx8shixchw3s7-wslay-1.1.1' from 'https://cache.nixos.org'...
copying path '/nix/store/vx7gfk69yh102sy3sf2lmk073rjyxn4i-xxHash-0.8.2' from 'https://cache.nixos.org'...
copying path '/nix/store/lpi16513bai8kg2bd841745vzk72475x-python3-3.11.9' from 'https://cache.nixos.org'...
copying path '/nix/store/wz1lmhhmvjxj2ipp2z5mvkydchhljggm-zlib-1.3.1-dev' from 'https://cache.nixos.org'...
copying path '/nix/store/bmq12snmn3dr98my7krdi9fp3qbahdph-zstd-1.5.6' from 'https://cache.nixos.org'...
copying path '/nix/store/1w8gr3happvga963zyssd8h1d3wrsjjr-perl5.38.2-HTML-Parser-3.81' from 'https://cache.nixos.org'...
copying path '/nix/store/hyd6gl1nmggg6j70ykl47y633pzigiy9-perl5.38.2-HTTP-Cookies-6.10' from 'https://cache.nixos.org'...
copying path '/nix/store/hrcvwjg8n0bhah9hikjsd8izvcgk1fy4-perl5.38.2-HTTP-Negotiate-6.01' from 'https://cache.nixos.org'...
copying path '/nix/store/2xxxrpw20hah40jxqxl1lyiyvwsqlay3-perl5.38.2-HTTP-Daemon-6.16' from 'https://cache.nixos.org'...
copying path '/nix/store/ni2x5a5x9j72l3s4wc7vs1r27b5hqzxi-shadow-4.14.6' from 'https://cache.nixos.org'...
copying path '/nix/store/pw8asivc7x1fx1hg6xc9456mpxn8pimq-gnutls-3.8.4' from 'https://cache.nixos.org'...
copying path '/nix/store/xs6fbsf7vx4pbkm9cxwdr8b7azm7ns45-libusb-1.0.27' from 'https://cache.nixos.org'...
copying path '/nix/store/3xsbahrqqc4fc3gknmjj9j9687n4hiz0-glib-2.80.0' from 'https://cache.nixos.org'...
copying path '/nix/store/nvjb2yf82p06ny7a3al4h6im4b7czc70-sqlite-3.45.2-dev' from 'https://cache.nixos.org'...
copying path '/nix/store/cyq70lf7dvi3r5jj46m8hrli0dm932f6-libSM-1.2.4' from 'https://cache.nixos.org'...
copying path '/nix/store/im3ngh7n2r5ppbv0f8ndf9dvqgfav3xi-curl-8.7.1-dev' from 'https://cache.nixos.org'...
copying path '/nix/store/c832k49n2rz6sq57iyp7bs57f08rsf3c-libxml2-2.12.6-dev' from 'https://cache.nixos.org'...
copying path '/nix/store/mqfwb4ply3xdasvh5zy154mhvpcqxk44-util-linux-minimal-2.39.3-mount' from 'https://cache.nixos.org'...
copying path '/nix/store/wg046pmxrsw1q0jp69y5gpk5cl5wl410-perl5.38.2-CGI-4.59' from 'https://cache.nixos.org'...
copying path '/nix/store/854dsca032cfnna42mlq33gf5p0hggb5-util-linux-minimal-2.39.3-swap' from 'https://cache.nixos.org'...
copying path '/nix/store/jj6bcp8cy4s8pi5svaq2gnkpl9bd5fw2-kmod-31' from 'https://cache.nixos.org'...
copying path '/nix/store/qv1qp23si0prgzcx6b8522f0g7fipaph-curl-8.7.1' from 'https://cache.nixos.org'...
copying path '/nix/store/hl3f3fbdkzjy2fv4zvirzrbm2nycxjld-boost-1.81.0' from 'https://cache.nixos.org'...
copying path '/nix/store/d792d9hp5x3g8s1w1jibvydjcw547863-kmod-31-lib' from 'https://cache.nixos.org'...
copying path '/nix/store/psri1pvjiggmvgqpgf6mawnw77mbyfl1-perl5.38.2-libwww-perl-6.72' from 'https://cache.nixos.org'...
copying path '/nix/store/9llpz6n39l3732gvgixlc7zzlvhlalq9-libXt-1.3.0' from 'https://cache.nixos.org'...
copying path '/nix/store/s6x8wlkxwwyp5shck81f44jvdlp5bh5j-rsync-3.3.0' from 'https://cache.nixos.org'...
building '/nix/store/ijkkic46p21366y082qnrlqc7sml7pnw-dist.tar.gz.drv'...
building '/nix/store/6zdglvq4q39b283ls6k1j3sxvswf5cfr-source.drv'...
copying path '/nix/store/9cvypililwdc01zx975bh3bkgf7kxqdl-shadow-4.14.6-su' from 'https://cache.nixos.org'...
copying path '/nix/store/llnrisjcbclmnvpyx8vl9rxgwfk9x9jg-xapian-1.4.25' from 'https://cache.nixos.org'...
copying path '/nix/store/zhi1wy5pn6647faa56qnd9zz371578bj-xxd-vim-9.1.0200' from 'https://cache.nixos.org'...
copying path '/nix/store/iacwpvssl06crxfz6pypv2gflq9jmjpg-perl5.38.2-CGI-Fast-2.16' from 'https://cache.nixos.org'...
copying path '/nix/store/0j3yimfjqwv4wh4v3xdqrdsb4sp90yw9-zstd-1.5.6-bin' from 'https://cache.nixos.org'...
copying path '/nix/store/vi7ipdpq28yf878411smy750prp04bv0-util-linux-minimal-2.39.3-bin' from 'https://cache.nixos.org'...
copying path '/nix/store/bgx25zqp369qarwcw53sqp2mxhgnkbq7-glib-2.80.0-bin' from 'https://cache.nixos.org'...
copying path '/nix/store/59l1d1xwb7vzzfsv3vklcn5qgksl0a70-libical-3.0.18' from 'https://cache.nixos.org'...
copying path '/nix/store/fk2dqykgli2rqxwlzc5vjn829acdzhzm-elfutils-0.191' from 'https://cache.nixos.org'...
running post-build-hook '/home/runner/work/_temp/cachix-daemon-8gwXJH/post-build-hook.sh'...
copying path '/nix/store/riacgg091nv1cm2lcbgc1bmsakim5hb1-kbd-2.6.4' from 'https://cache.nixos.org'...
copying path '/nix/store/xs751b6v3gqsfj7igskcwrclgssl0c1m-source-highlight-3.1.9' from 'https://cache.nixos.org'...
copying path '/nix/store/0291b6wgg0kk83zn84lhfaf5g8jqg33c-fuse-2.9.9' from 'https://cache.nixos.org'...
copying path '/nix/store/bc49mnc0skw975l90qrswhz8dsdm9lx6-util-linux-minimal-2.39.3-dev' from 'https://cache.nixos.org'...
running post-build-hook '/home/runner/work/_temp/cachix-daemon-8gwXJH/post-build-hook.sh'...
copying path '/nix/store/ppf4k669sbm1kyggr7pbi34ycb62j6gp-systemd-minimal-255.4' from 'https://cache.nixos.org'...
copying path '/nix/store/asgpvq2q0fl49w1c65fggpzqkkiw0ch3-dbus-1.14.10-lib' from 'https://cache.nixos.org'...
copying path '/nix/store/cqq0nl2waw2jxm3vidj52rjy3qc7rvjj-avahi-0.8' from 'https://cache.nixos.org'...
copying path '/nix/store/8mjb3ziimfi3rki71q4s0916xkm4cm5p-gcc-wrapper-13.2.0' from 'https://cache.nixos.org'...
copying path '/nix/store/65hk814mk3pkhq80dijkrc97kdjp4igg-cups-2.4.7-lib' from 'https://cache.nixos.org'...
copying path '/nix/store/7vk3x56xlfhya69rhscvr6g019b98msg-libtool-2.4.7' from 'https://cache.nixos.org'...
copying path '/nix/store/558iw5j1bk7z6wrg8cp96q2rx03jqj1v-stdenv-linux' from 'https://cache.nixos.org'...
copying path '/nix/store/vxzi09wirlwbh9s61b6h5kz7m6lnwvqg-autoreconf-hook' from 'https://cache.nixos.org'...
copying path '/nix/store/hpjirfjbrqqmjy5c66dvwb1gw9gqbsib-cups-2.4.7' from 'https://cache.nixos.org'...
copying path '/nix/store/36g3xwy4rm4ppp59zl67z7akmb0f5v6a-ghostscript-with-X-10.02.1' from 'https://cache.nixos.org'...
copying path '/nix/store/q3kql61swsfp3rsdhmwmfyxfw2x4jmyc-gdb-14.2' from 'https://cache.nixos.org'...
copying path '/nix/store/dgaiqi0gfwkh6wr2x6fdqzlhj2ii54lh-git-2.44.0' from 'https://cache.nixos.org'...
copying path '/nix/store/jfcx53y3i83xwhkr97j6yfm0c9h6s372-python3.11-packaging-24.0' from 'https://cache.nixos.org'...
copying path '/nix/store/zgnn357b7q3513bzmh17k6rcfp0c8vfz-glib-2.80.0-dev' from 'https://cache.nixos.org'...
copying path '/nix/store/xb1shnzh5awdzy7sdjqkzcn3y3l413la-valgrind-3.22.0-dev' from 'https://cache.nixos.org'...
copying path '/nix/store/gv6b23rjkp2gvmxbrvfz3l9w19fgk81y-libical-3.0.18-dev' from 'https://cache.nixos.org'...
building '/nix/store/sgxx5z09szyqmjnlipnakaffhhlap30h-alist-3.34.0-go-modules.drv'...
copying path '/nix/store/2nmai12gljdd33k99xdzils9samzhd9v-fig2dev-3.2.9' from 'https://cache.nixos.org'...
building '/nix/store/7f8vj9l1aggj2xsfqb1aijrj7ffayhcs-cyrus-imapd-3.8.2.drv'...
running post-build-hook '/home/runner/work/_temp/cachix-daemon-8gwXJH/post-build-hook.sh'...
building '/nix/store/4ax2pzfka4jmgk8jw7l5cdikaa67pa7l-alist-3.34.0.drv'...
running post-build-hook '/home/runner/work/_temp/cachix-daemon-8gwXJH/post-build-hook.sh'...
running post-build-hook '/home/runner/work/_temp/cachix-daemon-8gwXJH/post-build-hook.sh'...
